<?xml version="1.0" encoding="UTF-8"?>
<testng-results skipped="0" failed="0" ignored="0" total="1" passed="1">
  <reporter-output>
  </reporter-output>
  <suite name="Default suite" duration-ms="6488" started-at="2019-10-10T09:19:46Z" finished-at="2019-10-10T09:19:53Z">
    <groups>
    </groups>
    <test name="Default test" duration-ms="6488" started-at="2019-10-10T09:19:46Z" finished-at="2019-10-10T09:19:53Z">
      <class name="PDFReader_test">
        <test-method status="PASS" signature="readPDFTest()[pri:0, instance:PDFReader_test@2c039ac6]" name="readPDFTest" duration-ms="6464" started-at="2019-10-10T09:19:46Z" finished-at="2019-10-10T09:19:53Z">
          <reporter-output>
          </reporter-output>
        </test-method> <!-- readPDFTest -->
      </class> <!-- PDFReader_test -->
    </test> <!-- Default test -->
  </suite> <!-- Default suite -->
</testng-results>
